<?xml version="1.0" encoding="UTF-8"?>
<!-- Generated by org.testng.reporters.JUnitXMLReporter -->
<testsuite ignored="0" hostname="DESKTOP-4SB8VJN" failures="0" tests="4" name="Test2" time="30.085" errors="0" timestamp="2024-06-24T11:15:00 IST">
  <testcase classname="crossBrowser.UnitsTestCase" name="logIn" time="3.154"/>
  <testcase classname="crossBrowser.UnitsTestCase" name="Add_units" time="8.88"/>
  <testcase classname="crossBrowser.UnitsTestCase" name="search_units" time="2.411"/>
  <testcase classname="crossBrowser.UnitsTestCase" name="deleteUnits" time="6.831"/>
</testsuite> <!-- Test2 -->
