<?xml version="1.0" encoding="UTF-8"?>
<testng-results ignored="0" total="1" passed="1" failed="0" skipped="0">
  <reporter-output>
  </reporter-output>
  <suite started-at="2024-06-24T11:18:04 IST" name="Default suite" finished-at="2024-06-24T11:18:17 IST" duration-ms="13240">
    <groups>
    </groups>
    <test started-at="2024-06-24T11:18:04 IST" name="Default test" finished-at="2024-06-24T11:18:17 IST" duration-ms="13240">
      <class name="projectTestCases.LoginTestCase">
        <test-method is-config="true" signature="extendreportgenerate()[pri:0, instance:projectTestCases.LoginTestCase@77f1baf5]" started-at="2024-06-24T11:18:04 IST" name="extendreportgenerate" finished-at="2024-06-24T11:18:04 IST" duration-ms="248" status="PASS">
          <reporter-output>
          </reporter-output>
        </test-method> <!-- extendreportgenerate -->
        <test-method is-config="true" signature="beforeTest()[pri:0, instance:projectTestCases.LoginTestCase@77f1baf5]" started-at="2024-06-24T11:18:04 IST" name="beforeTest" finished-at="2024-06-24T11:18:14 IST" duration-ms="9648" status="PASS">
          <reporter-output>
          </reporter-output>
        </test-method> <!-- beforeTest -->
        <test-method signature="logIn()[pri:1, instance:projectTestCases.LoginTestCase@77f1baf5]" started-at="2024-06-24T11:18:14 IST" name="logIn" finished-at="2024-06-24T11:18:17 IST" duration-ms="3379" status="PASS">
          <reporter-output>
          </reporter-output>
        </test-method> <!-- logIn -->
        <test-method is-config="true" signature="afterTest()[pri:0, instance:projectTestCases.LoginTestCase@77f1baf5]" started-at="2024-06-24T11:18:17 IST" name="afterTest" finished-at="2024-06-24T11:18:17 IST" duration-ms="171" status="PASS">
          <reporter-output>
          </reporter-output>
        </test-method> <!-- afterTest -->
        <test-method is-config="true" signature="closereport()[pri:0, instance:projectTestCases.LoginTestCase@77f1baf5]" started-at="2024-06-24T11:18:17 IST" name="closereport" finished-at="2024-06-24T11:18:18 IST" duration-ms="330" status="PASS">
          <reporter-output>
          </reporter-output>
        </test-method> <!-- closereport -->
      </class> <!-- projectTestCases.LoginTestCase -->
    </test> <!-- Default test -->
  </suite> <!-- Default suite -->
</testng-results>
