<?xml version="1.0" encoding="UTF-8"?>
<testng-results ignored="0" total="1" passed="1" failed="0" skipped="0">
  <reporter-output>
  </reporter-output>
  <suite started-at="2024-06-13T14:03:14 IST" name="Default suite" finished-at="2024-06-13T14:03:31 IST" duration-ms="16445">
    <groups>
    </groups>
    <test started-at="2024-06-13T14:03:14 IST" name="Default test" finished-at="2024-06-13T14:03:31 IST" duration-ms="16445">
      <class name="projectTestCases.LoginTestCase">
        <test-method is-config="true" signature="beforeTest()[pri:0, instance:projectTestCases.LoginTestCase@1c1bbc4e]" started-at="2024-06-13T14:03:14 IST" name="beforeTest" finished-at="2024-06-13T14:03:27 IST" duration-ms="12331" status="PASS">
          <reporter-output>
          </reporter-output>
        </test-method> <!-- beforeTest -->
        <test-method signature="f()[pri:1, instance:projectTestCases.LoginTestCase@1c1bbc4e]" started-at="2024-06-13T14:03:27 IST" name="f" finished-at="2024-06-13T14:03:31 IST" duration-ms="3991" status="PASS">
          <reporter-output>
          </reporter-output>
        </test-method> <!-- f -->
        <test-method is-config="true" signature="afterTest()[pri:0, instance:projectTestCases.LoginTestCase@1c1bbc4e]" started-at="2024-06-13T14:03:31 IST" name="afterTest" finished-at="2024-06-13T14:03:31 IST" duration-ms="2" status="PASS">
          <reporter-output>
          </reporter-output>
        </test-method> <!-- afterTest -->
      </class> <!-- projectTestCases.LoginTestCase -->
    </test> <!-- Default test -->
  </suite> <!-- Default suite -->
</testng-results>
